<?xml version="1.0" encoding="UTF-8"?>
<!-- Generated by org.testng.reporters.JUnitXMLReporter -->
<testsuite ignored="0" hostname="DESKTOP-JKKH6Q5" failures="1" tests="2" name="Test" time="212.295" errors="0" timestamp="2023-07-04T14:09:48 IST">
  <testcase classname="campaign.CreateCampaignTest" name="createCampaignTest" time="62.852"/>
  <testcase classname="campaign.CreateCampaignTest" name="createCampaignTest" time="146.592">
    <failure type="java.lang.NullPointerException" message="Cannot invoke &amp;quot;com.aventstack.extentreports.ExtentTest.log(com.aventstack.extentreports.Status, String)&amp;quot; because &amp;quot;this.test&amp;quot; is null">
      <![CDATA[java.lang.NullPointerException: Cannot invoke "com.aventstack.extentreports.ExtentTest.log(com.aventstack.extentreports.Status, String)" because "this.test" is null
at generic_utilities.ExtentReportImplementation.onTestSuccess(ExtentReportImplementation.java:32)
at java.base/java.util.ArrayList.forEach(ArrayList.java:1511)
... Removed 24 stack frames]]>
    </failure>
  </testcase> <!-- createCampaignTest -->
</testsuite> <!-- Test -->
