<?xml version="1.0" encoding="UTF-8"?>
<testng-results ignored="0" total="1" passed="1" failed="0" skipped="0">
  <reporter-output>
    <line>
      <![CDATA[database connection]]>
    </line>
    <line>
      <![CDATA[parallel execution]]>
    </line>
    <line>
      <![CDATA[launching browser]]>
    </line>
    <line>
      <![CDATA[login to application]]>
    </line>
    <line>
      <![CDATA[logout of application]]>
    </line>
    <line>
      <![CDATA[closing browser]]>
    </line>
    <line>
      <![CDATA[parallel execution done]]>
    </line>
    <line>
      <![CDATA[database close]]>
    </line>
  </reporter-output>
  <suite started-at="2023-07-12T12:24:57 IST" name="Default suite" finished-at="2023-07-12T12:28:25 IST" duration-ms="208000">
    <groups>
      <group name="smoketest">
        <method signature="CreateCampaignTest.createCampaignTest()[pri:0, instance:campaign.CreateCampaignTest@5e0826e7]" name="createCampaignTest" class="campaign.CreateCampaignTest"/>
      </group> <!-- smoketest -->
    </groups>
    <test started-at="2023-07-12T12:24:57 IST" name="Default test" finished-at="2023-07-12T12:28:25 IST" duration-ms="208000">
      <class name="campaign.CreateCampaignTest">
        <test-method is-config="true" signature="beforeSuite()[pri:0, instance:campaign.CreateCampaignTest@5e0826e7]" started-at="2023-07-12T12:24:57 IST" name="beforeSuite" finished-at="2023-07-12T12:24:57 IST" duration-ms="13" status="PASS">
          <reporter-output>
            <line>
              <![CDATA[database connection]]>
            </line>
          </reporter-output>
        </test-method> <!-- beforeSuite -->
        <test-method is-config="true" signature="beoreTest()[pri:0, instance:campaign.CreateCampaignTest@5e0826e7]" started-at="2023-07-12T12:24:57 IST" name="beoreTest" finished-at="2023-07-12T12:24:57 IST" duration-ms="5" status="PASS">
          <reporter-output>
            <line>
              <![CDATA[parallel execution]]>
            </line>
          </reporter-output>
        </test-method> <!-- beoreTest -->
        <test-method is-config="true" signature="beforeClass()[pri:0, instance:campaign.CreateCampaignTest@5e0826e7]" started-at="2023-07-12T12:24:57 IST" name="beforeClass" finished-at="2023-07-12T12:25:53 IST" duration-ms="55628" status="PASS">
          <reporter-output>
            <line>
              <![CDATA[launching browser]]>
            </line>
          </reporter-output>
        </test-method> <!-- beforeClass -->
        <test-method is-config="true" signature="beforeMethod()[pri:0, instance:campaign.CreateCampaignTest@5e0826e7]" started-at="2023-07-12T12:25:53 IST" name="beforeMethod" finished-at="2023-07-12T12:27:27 IST" duration-ms="94127" status="PASS">
          <reporter-output>
            <line>
              <![CDATA[login to application]]>
            </line>
          </reporter-output>
        </test-method> <!-- beforeMethod -->
        <test-method signature="createCampaignTest()[pri:0, instance:campaign.CreateCampaignTest@5e0826e7]" started-at="2023-07-12T12:27:27 IST" name="createCampaignTest" finished-at="2023-07-12T12:28:21 IST" duration-ms="53733" status="PASS">
          <reporter-output>
          </reporter-output>
        </test-method> <!-- createCampaignTest -->
        <test-method is-config="true" signature="afterMethod()[pri:0, instance:campaign.CreateCampaignTest@5e0826e7]" started-at="2023-07-12T12:28:21 IST" name="afterMethod" finished-at="2023-07-12T12:28:24 IST" duration-ms="3808" status="PASS">
          <reporter-output>
            <line>
              <![CDATA[logout of application]]>
            </line>
          </reporter-output>
        </test-method> <!-- afterMethod -->
        <test-method is-config="true" signature="afterClass()[pri:0, instance:campaign.CreateCampaignTest@5e0826e7]" started-at="2023-07-12T12:28:24 IST" name="afterClass" finished-at="2023-07-12T12:28:25 IST" duration-ms="649" status="PASS">
          <reporter-output>
            <line>
              <![CDATA[closing browser]]>
            </line>
          </reporter-output>
        </test-method> <!-- afterClass -->
        <test-method is-config="true" signature="afterTest()[pri:0, instance:campaign.CreateCampaignTest@5e0826e7]" started-at="2023-07-12T12:28:25 IST" name="afterTest" finished-at="2023-07-12T12:28:25 IST" duration-ms="0" status="PASS">
          <reporter-output>
            <line>
              <![CDATA[parallel execution done]]>
            </line>
          </reporter-output>
        </test-method> <!-- afterTest -->
        <test-method is-config="true" signature="afterSuite()[pri:0, instance:campaign.CreateCampaignTest@5e0826e7]" started-at="2023-07-12T12:28:25 IST" name="afterSuite" finished-at="2023-07-12T12:28:25 IST" duration-ms="1" status="PASS">
          <reporter-output>
            <line>
              <![CDATA[database close]]>
            </line>
          </reporter-output>
        </test-method> <!-- afterSuite -->
      </class> <!-- campaign.CreateCampaignTest -->
    </test> <!-- Default test -->
  </suite> <!-- Default suite -->
</testng-results>
